<?xml version="1.0" encoding="UTF-8"?>
<!-- Generated by org.testng.reporters.JUnitReportReporter -->
<testsuite hostname="DESKTOP-NEII4G1" failures="0" tests="3" name="testNGAnnotations.GoogleSearchTestCase" time="23.984" errors="0" timestamp="2023-05-26T10:02:28 IST" skipped="0">
  <testcase classname="testNGAnnotations.GoogleSearchTestCase" name="search1" time="6.060"/>
  <system-out/>
  <testcase classname="testNGAnnotations.GoogleSearchTestCase" name="search3" time="8.347"/>
  <system-out/>
  <testcase classname="testNGAnnotations.GoogleSearchTestCase" name="search2" time="9.577"/>
  <system-out/>
</testsuite> <!-- testNGAnnotations.GoogleSearchTestCase -->
