<?xml version="1.0" encoding="UTF-8"?>
<!-- Generated by org.testng.reporters.JUnitReportReporter -->
<testsuite hostname="DESKTOP-NEII4G1" failures="0" tests="1" name="testNGpackage2.Test2" time="12.266" errors="0" timestamp="2023-05-22T11:02:39 IST" skipped="0">
  <testcase classname="testNGpackage2.Test2" name="test2Method" time="12.266"/>
  <system-out/>
</testsuite> <!-- testNGpackage2.Test2 -->
