<?xml version="1.0" encoding="UTF-8"?>
<!-- Generated by org.testng.reporters.JUnitReportReporter -->
<testsuite hostname="DESKTOP-NEII4G1" failures="0" tests="1" name="testNGFlags.Flags1" time="0.024" errors="0" timestamp="2023-05-26T09:52:42 IST" skipped="0">
  <testcase classname="testNGFlags.Flags1" name="method1" time="0.024"/>
  <system-out>
    <![CDATA[Method 1 Login!!]]>
  </system-out>
</testsuite> <!-- testNGFlags.Flags1 -->
