<?xml version="1.0" encoding="UTF-8"?>
<!-- Generated by org.testng.reporters.JUnitReportReporter -->
<testsuite hostname="DESKTOP-NEII4G1" failures="0" tests="3" name="testNGpackage2.Demo2" time="0.010" errors="0" timestamp="2023-05-23T09:57:34 IST" skipped="0">
  <testcase classname="testNGpackage2.Demo2" name="e" time="0.003"/>
  <system-out>
    <![CDATA[e Method  From DemoTest2]]>
  </system-out>
  <testcase classname="testNGpackage2.Demo2" name="f1" time="0.004"/>
  <system-out>
    <![CDATA[f1 Method  From DemoTest2
res: 2]]>
  </system-out>
  <testcase classname="testNGpackage2.Demo2" name="f" time="0.003"/>
  <system-out>
    <![CDATA[f Method  From DemoTest2]]>
  </system-out>
</testsuite> <!-- testNGpackage2.Demo2 -->
