<?xml version="1.0" encoding="UTF-8"?>
<!-- Generated by org.testng.reporters.JUnitReportReporter -->
<testsuite hostname="DESKTOP-NEII4G1" failures="0" tests="1" name="testNGExecution.SelectBrowser2" time="3.067" errors="0" timestamp="2023-05-26T11:42:48 IST" skipped="0">
  <testcase classname="testNGExecution.SelectBrowser2" name="method1" time="3.067"/>
  <system-out/>
</testsuite> <!-- testNGExecution.SelectBrowser2 -->
