<?xml version="1.0" encoding="UTF-8"?>
<!-- Generated by org.testng.reporters.JUnitReportReporter -->
<testsuite hostname="DESKTOP-NEII4G1" failures="0" tests="3" name="testNGpackage2.Demo3" time="0.024" errors="0" timestamp="2023-05-23T09:57:34 IST" skipped="0">
  <testcase classname="testNGpackage2.Demo3" name="g" time="0.019"/>
  <system-out>
    <![CDATA[g method From DemoTest3]]>
  </system-out>
  <testcase classname="testNGpackage2.Demo3" name="i" time="0.003"/>
  <system-out>
    <![CDATA[i method From DemoTest3]]>
  </system-out>
  <testcase classname="testNGpackage2.Demo3" name="h" time="0.002"/>
  <system-out>
    <![CDATA[ h method From DemoTest3]]>
  </system-out>
</testsuite> <!-- testNGpackage2.Demo3 -->
