<?xml version="1.0" encoding="UTF-8"?>
<!-- Generated by org.testng.reporters.JUnitReportReporter -->
<testsuite hostname="DESKTOP-NEII4G1" failures="0" tests="2" name="testNGFlags.Flags2" time="0.019" errors="0" timestamp="2023-05-26T10:10:04 IST" skipped="1">
  <testcase classname="testNGFlags.Flags2" name="method2" time="0.019"/>
  <system-out>
    <![CDATA[Logout Perform]]>
  </system-out>
  <testcase classname="testNGFlags.Flags2" name="method1">
    <skipped/>
  </testcase> <!-- method1 -->
  <system-out/>
</testsuite> <!-- testNGFlags.Flags2 -->
