<?xml version="1.0" encoding="UTF-8"?>
<!-- Generated by org.testng.reporters.JUnitReportReporter -->
<testsuite hostname="DESKTOP-NEII4G1" failures="0" tests="3" name="testNGAnnotations.GoogleSearchTestCase" time="26.282" errors="0" timestamp="2023-05-23T11:23:25 IST" skipped="0">
  <testcase classname="testNGAnnotations.GoogleSearchTestCase" name="search2" time="5.821"/>
  <system-out/>
  <testcase classname="testNGAnnotations.GoogleSearchTestCase" name="search1" time="11.335"/>
  <system-out/>
  <testcase classname="testNGAnnotations.GoogleSearchTestCase" name="seach3" time="9.126"/>
  <system-out/>
</testsuite> <!-- testNGAnnotations.GoogleSearchTestCase -->
