<?xml version="1.0" encoding="UTF-8"?>
<!-- Generated by org.testng.reporters.JUnitReportReporter -->
<testsuite hostname="DESKTOP-NEII4G1" failures="0" tests="3" name="testNGpackage2.Demo1" time="0.007" errors="0" timestamp="2023-05-23T09:57:34 IST" skipped="0">
  <testcase classname="testNGpackage2.Demo1" name="a" time="0.002"/>
  <system-out>
    <![CDATA[A Method  From DemoTest2]]>
  </system-out>
  <testcase classname="testNGpackage2.Demo1" name="b" time="0.003"/>
  <system-out>
    <![CDATA[b Method  From DemoTest2]]>
  </system-out>
  <testcase classname="testNGpackage2.Demo1" name="c" time="0.002"/>
  <system-out>
    <![CDATA[c Method  From DemoTest2]]>
  </system-out>
</testsuite> <!-- testNGpackage2.Demo1 -->
