<?xml version="1.0" encoding="UTF-8"?>
<!-- Generated by org.testng.reporters.JUnitReportReporter -->
<testsuite hostname="DESKTOP-NEII4G1" failures="0" tests="1" name="testNGAnnotations.Annotations" time="0.020" errors="0" timestamp="2023-05-23T10:14:40 IST" skipped="0">
  <testcase classname="testNGAnnotations.Annotations" name="f" time="0.020"/>
  <system-out>
    <![CDATA[Test Annotations]]>
  </system-out>
</testsuite> <!-- testNGAnnotations.Annotations -->
