<?xml version="1.0" encoding="UTF-8"?>
<!-- Generated by org.testng.reporters.JUnitReportReporter -->
<testsuite hostname="DESKTOP-NEII4G1" failures="0" tests="2" name="testNGpackage.Demo" time="0.010" errors="0" timestamp="2023-05-22T10:42:16 IST" skipped="0">
  <testcase classname="testNGpackage.Demo" name="g" time="0.004"/>
  <system-out>
    <![CDATA[Hey Java!!!]]>
  </system-out>
  <testcase classname="testNGpackage.Demo" name="f" time="0.006"/>
  <system-out>
    <![CDATA[Hi TestNG!!!]]>
  </system-out>
</testsuite> <!-- testNGpackage.Demo -->
