<?xml version="1.0" encoding="UTF-8"?>
<!-- Generated by org.testng.reporters.JUnitReportReporter -->
<testsuite hostname="DESKTOP-NEII4G1" failures="0" tests="1" name="testNGpackage2.Test1" time="5.893" errors="0" timestamp="2023-05-24T09:42:12 IST" skipped="0">
  <testcase classname="testNGpackage2.Test1" name="test1Method" time="5.893"/>
  <system-out/>
</testsuite> <!-- testNGpackage2.Test1 -->
